<?xml version="1.0" encoding="UTF-8" ?>
<testsuite tests="9" failures="0" name="com.javapointers.CucumberTest" time="0.005" errors="0" skipped="0">
  <properties>
    <property name="java.runtime.name" value="Java(TM) SE Runtime Environment"/>
    <property name="java.vm.version" value="11.0.6+8-LTS"/>
    <property name="sun.boot.library.path" value="C:\Program Files\Java\jdk-11.0.6\bin"/>
    <property name="maven.multiModuleProjectDirectory" value="C:\WINDOWS\system32\config\systemprofile\AppData\Local\Jenkins.jenkins\workspace\Test_Maven"/>
    <property name="java.vm.vendor" value="Oracle Corporation"/>
    <property name="java.vendor.url" value="http://java.oracle.com/"/>
    <property name="guice.disable.misplaced.annotation.check" value="true"/>
    <property name="path.separator" value=";"/>
    <property name="java.vm.name" value="Java HotSpot(TM) 64-Bit Server VM"/>
    <property name="sun.os.patch.level" value=""/>
    <property name="user.script" value=""/>
    <property name="user.country" value="ZA"/>
    <property name="sun.java.launcher" value="SUN_STANDARD"/>
    <property name="java.vm.specification.name" value="Java Virtual Machine Specification"/>
    <property name="user.dir" value="C:\Windows\System32\config\systemprofile\AppData\Local\Jenkins.jenkins\workspace\Test_Maven"/>
    <property name="java.vm.compressedOopsMode" value="32-bit"/>
    <property name="java.runtime.version" value="11.0.6+8-LTS"/>
    <property name="java.awt.graphicsenv" value="sun.awt.Win32GraphicsEnvironment"/>
    <property name="os.arch" value="amd64"/>
    <property name="java.io.tmpdir" value="C:\WINDOWS\TEMP\"/>
    <property name="line.separator" value="
"/>
    <property name="java.vm.specification.vendor" value="Oracle Corporation"/>
    <property name="user.variant" value=""/>
    <property name="os.name" value="Windows 10"/>
    <property name="classworlds.conf" value="C:\Automation Tools\apache-maven-3.6.3\bin\..\bin\m2.conf"/>
    <property name="sun.jnu.encoding" value="Cp1252"/>
    <property name="java.library.path" value="C:\Program Files\Java\jdk-11.0.6\bin;C:\WINDOWS\Sun\Java\bin;C:\WINDOWS\system32;C:\WINDOWS;C:\Automation Tools\apache-maven-3.6.3/bin;C:\Program Files\Java\jdk-11.0.6/bin;C:\Program Files\Java\jdk-11.0.6/bin;C:\Program Files (x86)\Common Files\Oracle\Java\javapath;C:\WINDOWS\system32;C:\WINDOWS;C:\WINDOWS\System32\Wbem;C:\WINDOWS\System32\WindowsPowerShell\v1.0\;C:\WINDOWS\System32\OpenSSH\;C:\Program Files (x86)\Microsoft SQL Server\Client SDK\ODBC\130\Tools\Binn\;C:\Program Files (x86)\Microsoft SQL Server\130\Tools\Binn\;C:\Program Files (x86)\Microsoft SQL Server\130\DTS\Binn\;C:\Program Files (x86)\Microsoft SQL Server\130\Tools\Binn\ManagementStudio\;C:\Program Files\Intel\WiFi\bin\;C:\Program Files\Common Files\Intel\WirelessCommon\;C:\Program Files (x86)\Intel\Intel(R) Management Engine Components\DAL;C:\Program Files\Intel\Intel(R) Management Engine Components\DAL;C:\Program Files\Git\cmd;C:\Automation Tools\apache-maven-3.6.3\bin;C:\WINDOWS\system32\config\systemprofile\AppData\Local\Microsoft\WindowsApps;."/>
    <property name="maven.conf" value="C:\Automation Tools\apache-maven-3.6.3\bin\../conf"/>
    <property name="jdk.debug" value="release"/>
    <property name="java.class.version" value="55.0"/>
    <property name="java.specification.name" value="Java Platform API Specification"/>
    <property name="sun.management.compiler" value="HotSpot 64-Bit Tiered Compilers"/>
    <property name="os.version" value="10.0"/>
    <property name="library.jansi.path" value="C:\Automation Tools\apache-maven-3.6.3\bin\..\lib\jansi-native"/>
    <property name="user.home" value="C:\WINDOWS\system32\config\systemprofile"/>
    <property name="user.timezone" value="Africa/Harare"/>
    <property name="java.awt.printerjob" value="sun.awt.windows.WPrinterJob"/>
    <property name="file.encoding" value="Cp1252"/>
    <property name="java.specification.version" value="11"/>
    <property name="user.name" value="ZAISO-2037$"/>
    <property name="java.class.path" value="C:\Automation Tools\apache-maven-3.6.3\bin\..\boot\plexus-classworlds-2.6.0.jar"/>
    <property name="java.vm.specification.version" value="11"/>
    <property name="sun.arch.data.model" value="64"/>
    <property name="sun.java.command" value="org.codehaus.plexus.classworlds.launcher.Launcher -f C:\Users\Kopano.Makanetleng\Desktop\Projects\Automation_V4_jenkins\pom.xml clean install"/>
    <property name="java.home" value="C:\Program Files\Java\jdk-11.0.6"/>
    <property name="user.language" value="en"/>
    <property name="java.specification.vendor" value="Oracle Corporation"/>
    <property name="awt.toolkit" value="sun.awt.windows.WToolkit"/>
    <property name="java.vm.info" value="mixed mode"/>
    <property name="java.version" value="11.0.6"/>
    <property name="java.vendor" value="Oracle Corporation"/>
    <property name="maven.home" value="C:\Automation Tools\apache-maven-3.6.3\bin\.."/>
    <property name="file.separator" value="\"/>
    <property name="java.version.date" value="2020-01-14"/>
    <property name="java.vendor.url.bug" value="http://bugreport.java.com/bugreport/"/>
    <property name="sun.io.unicode.encoding" value="UnicodeLittle"/>
    <property name="sun.cpu.endian" value="little"/>
    <property name="java.vendor.version" value="18.9"/>
    <property name="sun.desktop" value="windows"/>
    <property name="sun.cpu.isalist" value="amd64"/>
  </properties>
  <testcase classname="| Isometrixsystem | txtUsername | 1 | txtPassword | btnLoginSubmit | divPage | businesunit | global | Login |" name="Given I have launched the browser" time="0.003"/>
  <testcase classname="| Isometrixsystem | txtUsername | 1 | txtPassword | btnLoginSubmit | divPage | businesunit | global | Login |" name="When I enter txtUsername with ID Isometrixsystem" time="0"/>
  <testcase classname="| Isometrixsystem | txtUsername | 1 | txtPassword | btnLoginSubmit | divPage | businesunit | global | Login |" name="When I enter txtPassword with ID 1" time="0"/>
  <testcase classname="| Isometrixsystem | txtUsername | 1 | txtPassword | btnLoginSubmit | divPage | businesunit | global | Login |" name="When I click the btnLoginSubmit Button with ID" time="0"/>
  <testcase classname="| Isometrixsystem | txtUsername | 1 | txtPassword | btnLoginSubmit | divPage | businesunit | global | Login |" name="And I wait for the element to be visible" time="0"/>
  <testcase classname="| Isometrixsystem | txtUsername | 1 | txtPassword | btnLoginSubmit | divPage | businesunit | global | Login |" name="And I wait for the element to be visible" time="0"/>
  <testcase classname="| Isometrixsystem | txtUsername | 1 | txtPassword | btnLoginSubmit | divPage | businesunit | global | Login |" name="And I wait for the element to be visible" time="0"/>
  <testcase classname="| Isometrixsystem | txtUsername | 1 | txtPassword | btnLoginSubmit | divPage | businesunit | global | Login |" name="And I send the Report" time="0"/>
  <testcase classname="| Isometrixsystem | txtUsername | 1 | txtPassword | btnLoginSubmit | divPage | businesunit | global | Login |" name="| Isometrixsystem | txtUsername | 1 | txtPassword | btnLoginSubmit | divPage | businesunit | global | Login |" time="0.002"/>
</testsuite>